<?xml version="1.0" encoding="UTF-8"?>
<!-- Generated by org.testng.reporters.JUnitReportReporter -->
<testsuite skipped="0" hostname="Andreas-MacBook-Air.local" name="tests.TC_Posts" tests="1" failures="0" timestamp="08 Sep 2017 03:05:54 GMT" time="23.715" errors="0">
  <testcase name="createPostTest" time="23.715" classname="tests.TC_Posts"/>
</testsuite> <!-- tests.TC_Posts -->
