<?xml version="1.0" encoding="UTF-8"?>
<!-- Generated by org.testng.reporters.JUnitReportReporter -->
<testsuite skipped="0" hostname="Andreas-MacBook-Air.local" name="tests.TC_Login" tests="6" failures="0" timestamp="08 Sep 2017 03:05:59 GMT" time="14.034" errors="0">
  <testcase name="rightUserWrongPassLoginTest" time="2.904" classname="tests.TC_Login"/>
  <testcase name="rightUserBlankPassLoginTest" time="1.601" classname="tests.TC_Login"/>
  <testcase name="blankUserAnyPassLoginTest" time="1.626" classname="tests.TC_Login"/>
  <testcase name="blankUserBlankPassLoginTest" time="1.473" classname="tests.TC_Login"/>
  <testcase name="wrongUserLoginTest" time="1.710" classname="tests.TC_Login"/>
  <testcase name="rightLoginTest" time="4.720" classname="tests.TC_Login"/>
</testsuite> <!-- tests.TC_Login -->
