<?xml version="1.0" encoding="UTF-8"?>
<!-- Generated by org.testng.reporters.JUnitReportReporter -->
<testsuite skipped="0" hostname="Andreas-MacBook-Air.local" name="test.users.Login" tests="1" failures="0" timestamp="08 Sep 2017 15:21:45 GMT" time="4.509" errors="0">
  <testcase name="rightLoginTest" time="4.509" classname="test.users.Login"/>
</testsuite> <!-- test.users.Login -->
