<?xml version="1.0" encoding="UTF-8"?>
<!-- Generated by org.testng.reporters.JUnitReportReporter -->
<testsuite hostname="LAPTOP-D4NSSRIT" failures="0" tests="4" name="test.login.Login" time="58.688" errors="0" timestamp="2020-02-04T03:19:20 EST" skipped="0">
  <testcase classname="test.login.Login" name="loginTest" time="14.400"/>
  <testcase classname="test.login.Login" name="loginTest" time="14.463"/>
  <testcase classname="test.login.Login" name="loginTest" time="14.422"/>
  <testcase classname="test.login.Login" name="loginTest" time="15.403"/>
</testsuite> <!-- test.login.Login -->
