<?xml version="1.0" encoding="UTF-8"?>
<!-- Generated by org.testng.reporters.JUnitReportReporter -->
<testsuite skipped="0" hostname="Andreas-MacBook-Air.local" name="test.posts.Read" tests="1" failures="0" timestamp="08 Sep 2017 17:29:09 GMT" time="7.971" errors="0">
  <testcase name="readPostTest" time="7.971" classname="test.posts.Read"/>
</testsuite> <!-- test.posts.Read -->
