<?xml version="1.0" encoding="UTF-8"?>
<!-- Generated by org.testng.reporters.JUnitReportReporter -->
<testsuite hostname="LAPTOP-D4NSSRIT" failures="0" tests="1" name="test.users.Update" time="0.000" errors="0" timestamp="2020-02-04T03:13:19 EST" skipped="1">
  <testcase classname="test.users.Update" name="updateUserTest" time="0.000">
    <skipped/>
  </testcase> <!-- updateUserTest -->
</testsuite> <!-- test.users.Update -->
